? .git
? .gitignore
? rcdiff
? status.log
? sync.sh
? up.log
P MAKEDEV.common
P Makefile
P changelist
P netstart
P pf.conf
P etc.alpha/MAKEDEV
P etc.amd64/MAKEDEV
P etc.armish/MAKEDEV
P etc.hp300/MAKEDEV
P etc.hppa/MAKEDEV
P etc.hppa64/MAKEDEV
P etc.i386/MAKEDEV
P etc.landisk/MAKEDEV
P etc.luna88k/MAKEDEV
P etc.mac68k/MAKEDEV
P etc.macppc/MAKEDEV
P etc.palm/MAKEDEV
P etc.sgi/MAKEDEV
P etc.socppc/MAKEDEV
P etc.sparc/MAKEDEV
P etc.sparc64/MAKEDEV
P etc.vax/MAKEDEV
P etc.zaurus/MAKEDEV
P mtree/BSD.x11.dist
